app/build/intermediates/manifest_merge_blame_file/debug/manifest-merger-blame-debug-report.txt
1<?xml version="1.0" encoding="utf-8"?>
2<manifest xmlns:android="http://schemas.android.com/apk/res/android"
3    package="com.example.company.myapplication"
4    android:versionCode="1"
5    android:versionName="1.0" >
6
7    <uses-sdk
8        android:minSdkVersion="22"
8-->src\main\AndroidManifest.xml
9        android:targetSdkVersion="30" />
9-->src\main\AndroidManifest.xml
10
11    <uses-permission android:name="android.permission.CAMERA" />
11-->src\main\AndroidManifest.xml:6:5-8:48
11-->src\main\AndroidManifest.xml:7:9-49
12
13    <application
13-->src\main\AndroidManifest.xml:10:5-24:19
14        android:allowBackup="true"
14-->src\main\AndroidManifest.xml:11:9-35
15        android:appComponentFactory="androidx.core.app.CoreComponentFactory"
15-->[androidx.core:core:1.0.1] AndroidManifest.xml:22:18-86
16        android:debuggable="true"
17        android:icon="@mipmap/ic_launcher"
17-->src\main\AndroidManifest.xml:12:9-43
18        android:label="@string/app_name"
18-->src\main\AndroidManifest.xml:13:9-41
19        android:roundIcon="@mipmap/ic_launcher_round"
19-->src\main\AndroidManifest.xml:14:9-54
20        android:supportsRtl="true"
20-->src\main\AndroidManifest.xml:15:9-35
21        android:testOnly="true"
22        android:theme="@style/AppTheme" >
22-->src\main\AndroidManifest.xml:16:9-40
23        <activity android:name="com.example.company.myapplication.MainActivity" >
23-->src\main\AndroidManifest.xml:17:9-23:20
23-->src\main\AndroidManifest.xml:17:19-47
24            <intent-filter>
24-->src\main\AndroidManifest.xml:18:13-22:29
25                <action android:name="android.intent.action.MAIN" />
25-->src\main\AndroidManifest.xml:19:17-69
25-->src\main\AndroidManifest.xml:19:25-66
26
27                <category android:name="android.intent.category.LAUNCHER" />
27-->src\main\AndroidManifest.xml:21:17-77
27-->src\main\AndroidManifest.xml:21:27-74
28            </intent-filter>
29        </activity>
30    </application>
31
32</manifest>